2026-07-05 20:56:47  === Auto-commit starting ===
2026-07-05 20:56:47  Changed to project root: C:\Users\dell\Documents\complex num\football prediction
2026-07-05 20:56:47  No changes to commit. Exiting.
2026-07-05 20:58:12  === Auto-commit starting ===
2026-07-05 20:58:12  Changed to project root: C:\Users\dell\Documents\complex num\football prediction
2026-07-05 20:58:12  Found 2 changed file(s):
2026-07-05 20:58:12    ?? auto_commit_test.txt
2026-07-05 20:58:12    ?? test_commit.txt
2026-07-05 20:58:12    git add: warning: in the working copy of 'auto_commit_test.txt', LF will be replaced by CRLF the next time Git touches it
2026-07-05 20:58:12  Staged all changes.
2026-07-05 20:58:12    git commit: [master a8bf115] Auto-commit: 2026-07-05 20:58 [2 files +2]
2026-07-05 20:58:12    git commit:  2 files changed, 1 insertion(+)
2026-07-05 20:58:12    git commit:  create mode 100644 auto_commit_test.txt
2026-07-05 20:58:12    git commit:  create mode 100644 test_commit.txt
2026-07-05 20:58:12  Committed: Auto-commit: 2026-07-05 20:58 [2 files +2]
2026-07-05 20:58:12  Pushing to GitHub (origin/master)...
2026-07-05 20:58:12    git push: To https://github.com/PyayOoKo/football-prediction.git
2026-07-05 20:58:12    git push:    92bf5b7..a8bf115  master -> master
2026-07-05 20:58:12  Pushed successfully.
2026-07-05 20:58:12  === Auto-commit complete ===
2026-07-05 21:32:52  === Auto-commit starting ===
2026-07-05 21:32:52  Changed to project root: C:\Users\dell\Documents\complex num\football prediction
2026-07-05 21:32:52  No changes to commit. Exiting.
